============================= test session starts =============================
platform win32 -- Python 3.13.1, pytest-9.0.1, pluggy-1.6.0 -- F:\src\PythonProject\pscweb3-1\.venv\Scripts\python.exe
cachedir: .pytest_cache
rootdir: F:\src\PythonProject\pscweb3-1
configfile: pytest.ini (WARNING: ignoring pytest config in pyproject.toml!)
plugins: anyio-4.12.0, asyncio-1.3.0, cov-7.0.0
asyncio: mode=Mode.AUTO, debug=False, asyncio_default_fixture_loop_scope=None, asyncio_default_test_loop_scope=function
collecting ... collected 16 items

tests/integration/test_api_castings.py::test_assign_casting FAILED       [  6%]
tests/test_basic.py::test_import_models PASSED                           [ 12%]
tests/test_basic.py::test_basic_assertion PASSED                         [ 18%]
tests/unit/test_auth_jwt.py::test_create_access_token PASSED             [ 25%]
tests/unit/test_auth_jwt.py::test_get_current_user_valid_token FAILED    [ 31%]
tests/unit/test_auth_jwt.py::test_get_current_user_invalid_token PASSED  [ 37%]
tests/unit/test_models.py::test_create_user PASSED                       [ 43%]
tests/unit/test_models.py::test_create_project PASSED                    [ 50%]
tests/unit/test_models.py::test_create_script_with_scenes_and_characters PASSED [ 56%]
tests/unit/test_models.py::test_character_casting_double_cast PASSED     [ 62%]
tests/unit/test_scene_chart_generator.py::test_generate_scene_chart_single_scene FAILED [ 68%]
tests/unit/test_scene_chart_generator.py::test_generate_scene_chart_multiple_scenes FAILED [ 75%]
tests/unit/test_scene_chart_generator.py::test_regenerate_scene_chart FAILED [ 81%]
tests/unit/test_services.py::test_parse_simple_fountain_script FAILED    [ 87%]
tests/unit/test_services.py::test_parse_fountain_with_multiple_scenes FAILED [ 93%]
tests/unit/test_services.py::test_parse_fountain_empty_script PASSED     [100%]

================================== FAILURES ===================================
_____________________________ test_assign_casting _____________________________
tests\integration\test_api_castings.py:37: in test_assign_casting
    async with AsyncClient(app=app, base_url="http://test") as ac:
               ^^^^^^^^^^^^^^^^^^^^^^^^^^^^^^^^^^^^^^^^^^^^
E   TypeError: AsyncClient.__init__() got an unexpected keyword argument 'app'
______________________ test_get_current_user_valid_token ______________________
tests\unit\test_auth_jwt.py:32: in test_get_current_user_valid_token
    assert user is not None
E   assert None is not None
___________________ test_generate_scene_chart_single_scene ____________________
tests\unit\test_scene_chart_generator.py:49: in test_generate_scene_chart_single_scene
    chart = await generate_scene_chart(script, db)
            ^^^^^^^^^^^^^^^^^^^^^^^^^^^^^^^^^^^^^^
src\services\scene_chart_generator.py:36: in generate_scene_chart
    character_ids = {line.character_id for line in scene.lines}
                                                   ^^^^^^^^^^^
.venv\Lib\site-packages\sqlalchemy\orm\attributes.py:569: in __get__
    return self.impl.get(state, dict_)  # type: ignore[no-any-return]
           ^^^^^^^^^^^^^^^^^^^^^^^^^^^
.venv\Lib\site-packages\sqlalchemy\orm\attributes.py:1096: in get
    value = self._fire_loader_callables(state, key, passive)
            ^^^^^^^^^^^^^^^^^^^^^^^^^^^^^^^^^^^^^^^^^^^^^^^^
.venv\Lib\site-packages\sqlalchemy\orm\attributes.py:1131: in _fire_loader_callables
    return self.callable_(state, passive)
           ^^^^^^^^^^^^^^^^^^^^^^^^^^^^^^
.venv\Lib\site-packages\sqlalchemy\orm\strategies.py:978: in _load_for_state
    return self._emit_lazyload(
.venv\Lib\site-packages\sqlalchemy\orm\strategies.py:1141: in _emit_lazyload
    result = session.execute(
.venv\Lib\site-packages\sqlalchemy\orm\session.py:2351: in execute
    return self._execute_internal(
.venv\Lib\site-packages\sqlalchemy\orm\session.py:2249: in _execute_internal
    result: Result[Any] = compile_state_cls.orm_execute_statement(
.venv\Lib\site-packages\sqlalchemy\orm\context.py:306: in orm_execute_statement
    result = conn.execute(
.venv\Lib\site-packages\sqlalchemy\engine\base.py:1419: in execute
    return meth(
.venv\Lib\site-packages\sqlalchemy\sql\elements.py:526: in _execute_on_connection
    return connection._execute_clauseelement(
.venv\Lib\site-packages\sqlalchemy\engine\base.py:1641: in _execute_clauseelement
    ret = self._execute_context(
.venv\Lib\site-packages\sqlalchemy\engine\base.py:1846: in _execute_context
    return self._exec_single_context(
.venv\Lib\site-packages\sqlalchemy\engine\base.py:1986: in _exec_single_context
    self._handle_dbapi_exception(
.venv\Lib\site-packages\sqlalchemy\engine\base.py:2358: in _handle_dbapi_exception
    raise exc_info[1].with_traceback(exc_info[2])
.venv\Lib\site-packages\sqlalchemy\engine\base.py:1967: in _exec_single_context
    self.dialect.do_execute(
.venv\Lib\site-packages\sqlalchemy\engine\default.py:951: in do_execute
    cursor.execute(statement, parameters)
.venv\Lib\site-packages\sqlalchemy\dialects\sqlite\aiosqlite.py:180: in execute
    self._adapt_connection._handle_exception(error)
.venv\Lib\site-packages\sqlalchemy\dialects\sqlite\aiosqlite.py:340: in _handle_exception
    raise error
.venv\Lib\site-packages\sqlalchemy\dialects\sqlite\aiosqlite.py:157: in execute
    _cursor: AsyncIODBAPICursor = self.await_(self._connection.cursor())  # type: ignore[arg-type] # noqa: E501
                                  ^^^^^^^^^^^^^^^^^^^^^^^^^^^^^^^^^^^^^^
.venv\Lib\site-packages\sqlalchemy\util\_concurrency_py3k.py:123: in await_only
    raise exc.MissingGreenlet(
E   sqlalchemy.exc.MissingGreenlet: greenlet_spawn has not been called; can't call await_only() here. Was IO attempted in an unexpected place? (Background on this error at: https://sqlalche.me/e/20/xd2s)
__________________ test_generate_scene_chart_multiple_scenes __________________
tests\unit\test_scene_chart_generator.py:103: in test_generate_scene_chart_multiple_scenes
    chart = await generate_scene_chart(script, db)
            ^^^^^^^^^^^^^^^^^^^^^^^^^^^^^^^^^^^^^^
src\services\scene_chart_generator.py:36: in generate_scene_chart
    character_ids = {line.character_id for line in scene.lines}
                                                   ^^^^^^^^^^^
.venv\Lib\site-packages\sqlalchemy\orm\attributes.py:569: in __get__
    return self.impl.get(state, dict_)  # type: ignore[no-any-return]
           ^^^^^^^^^^^^^^^^^^^^^^^^^^^
.venv\Lib\site-packages\sqlalchemy\orm\attributes.py:1096: in get
    value = self._fire_loader_callables(state, key, passive)
            ^^^^^^^^^^^^^^^^^^^^^^^^^^^^^^^^^^^^^^^^^^^^^^^^
.venv\Lib\site-packages\sqlalchemy\orm\attributes.py:1131: in _fire_loader_callables
    return self.callable_(state, passive)
           ^^^^^^^^^^^^^^^^^^^^^^^^^^^^^^
.venv\Lib\site-packages\sqlalchemy\orm\strategies.py:978: in _load_for_state
    return self._emit_lazyload(
.venv\Lib\site-packages\sqlalchemy\orm\strategies.py:1141: in _emit_lazyload
    result = session.execute(
.venv\Lib\site-packages\sqlalchemy\orm\session.py:2351: in execute
    return self._execute_internal(
.venv\Lib\site-packages\sqlalchemy\orm\session.py:2249: in _execute_internal
    result: Result[Any] = compile_state_cls.orm_execute_statement(
.venv\Lib\site-packages\sqlalchemy\orm\context.py:306: in orm_execute_statement
    result = conn.execute(
.venv\Lib\site-packages\sqlalchemy\engine\base.py:1419: in execute
    return meth(
.venv\Lib\site-packages\sqlalchemy\sql\elements.py:526: in _execute_on_connection
    return connection._execute_clauseelement(
.venv\Lib\site-packages\sqlalchemy\engine\base.py:1641: in _execute_clauseelement
    ret = self._execute_context(
.venv\Lib\site-packages\sqlalchemy\engine\base.py:1846: in _execute_context
    return self._exec_single_context(
.venv\Lib\site-packages\sqlalchemy\engine\base.py:1986: in _exec_single_context
    self._handle_dbapi_exception(
.venv\Lib\site-packages\sqlalchemy\engine\base.py:2358: in _handle_dbapi_exception
    raise exc_info[1].with_traceback(exc_info[2])
.venv\Lib\site-packages\sqlalchemy\engine\base.py:1967: in _exec_single_context
    self.dialect.do_execute(
.venv\Lib\site-packages\sqlalchemy\engine\default.py:951: in do_execute
    cursor.execute(statement, parameters)
.venv\Lib\site-packages\sqlalchemy\dialects\sqlite\aiosqlite.py:180: in execute
    self._adapt_connection._handle_exception(error)
.venv\Lib\site-packages\sqlalchemy\dialects\sqlite\aiosqlite.py:340: in _handle_exception
    raise error
.venv\Lib\site-packages\sqlalchemy\dialects\sqlite\aiosqlite.py:157: in execute
    _cursor: AsyncIODBAPICursor = self.await_(self._connection.cursor())  # type: ignore[arg-type] # noqa: E501
                                  ^^^^^^^^^^^^^^^^^^^^^^^^^^^^^^^^^^^^^^
.venv\Lib\site-packages\sqlalchemy\util\_concurrency_py3k.py:123: in await_only
    raise exc.MissingGreenlet(
E   sqlalchemy.exc.MissingGreenlet: greenlet_spawn has not been called; can't call await_only() here. Was IO attempted in an unexpected place? (Background on this error at: https://sqlalche.me/e/20/xd2s)
_________________________ test_regenerate_scene_chart _________________________
tests\unit\test_scene_chart_generator.py:155: in test_regenerate_scene_chart
    chart1 = await generate_scene_chart(script, db)
             ^^^^^^^^^^^^^^^^^^^^^^^^^^^^^^^^^^^^^^
src\services\scene_chart_generator.py:36: in generate_scene_chart
    character_ids = {line.character_id for line in scene.lines}
                                                   ^^^^^^^^^^^
.venv\Lib\site-packages\sqlalchemy\orm\attributes.py:569: in __get__
    return self.impl.get(state, dict_)  # type: ignore[no-any-return]
           ^^^^^^^^^^^^^^^^^^^^^^^^^^^
.venv\Lib\site-packages\sqlalchemy\orm\attributes.py:1096: in get
    value = self._fire_loader_callables(state, key, passive)
            ^^^^^^^^^^^^^^^^^^^^^^^^^^^^^^^^^^^^^^^^^^^^^^^^
.venv\Lib\site-packages\sqlalchemy\orm\attributes.py:1131: in _fire_loader_callables
    return self.callable_(state, passive)
           ^^^^^^^^^^^^^^^^^^^^^^^^^^^^^^
.venv\Lib\site-packages\sqlalchemy\orm\strategies.py:978: in _load_for_state
    return self._emit_lazyload(
.venv\Lib\site-packages\sqlalchemy\orm\strategies.py:1141: in _emit_lazyload
    result = session.execute(
.venv\Lib\site-packages\sqlalchemy\orm\session.py:2351: in execute
    return self._execute_internal(
.venv\Lib\site-packages\sqlalchemy\orm\session.py:2249: in _execute_internal
    result: Result[Any] = compile_state_cls.orm_execute_statement(
.venv\Lib\site-packages\sqlalchemy\orm\context.py:306: in orm_execute_statement
    result = conn.execute(
.venv\Lib\site-packages\sqlalchemy\engine\base.py:1419: in execute
    return meth(
.venv\Lib\site-packages\sqlalchemy\sql\elements.py:526: in _execute_on_connection
    return connection._execute_clauseelement(
.venv\Lib\site-packages\sqlalchemy\engine\base.py:1641: in _execute_clauseelement
    ret = self._execute_context(
.venv\Lib\site-packages\sqlalchemy\engine\base.py:1846: in _execute_context
    return self._exec_single_context(
.venv\Lib\site-packages\sqlalchemy\engine\base.py:1986: in _exec_single_context
    self._handle_dbapi_exception(
.venv\Lib\site-packages\sqlalchemy\engine\base.py:2358: in _handle_dbapi_exception
    raise exc_info[1].with_traceback(exc_info[2])
.venv\Lib\site-packages\sqlalchemy\engine\base.py:1967: in _exec_single_context
    self.dialect.do_execute(
.venv\Lib\site-packages\sqlalchemy\engine\default.py:951: in do_execute
    cursor.execute(statement, parameters)
.venv\Lib\site-packages\sqlalchemy\dialects\sqlite\aiosqlite.py:180: in execute
    self._adapt_connection._handle_exception(error)
.venv\Lib\site-packages\sqlalchemy\dialects\sqlite\aiosqlite.py:340: in _handle_exception
    raise error
.venv\Lib\site-packages\sqlalchemy\dialects\sqlite\aiosqlite.py:157: in execute
    _cursor: AsyncIODBAPICursor = self.await_(self._connection.cursor())  # type: ignore[arg-type] # noqa: E501
                                  ^^^^^^^^^^^^^^^^^^^^^^^^^^^^^^^^^^^^^^
.venv\Lib\site-packages\sqlalchemy\util\_concurrency_py3k.py:123: in await_only
    raise exc.MissingGreenlet(
E   sqlalchemy.exc.MissingGreenlet: greenlet_spawn has not been called; can't call await_only() here. Was IO attempted in an unexpected place? (Background on this error at: https://sqlalche.me/e/20/xd2s)
______________________ test_parse_simple_fountain_script ______________________
tests\unit\test_services.py:42: in test_parse_simple_fountain_script
    await parse_fountain_and_create_models(script, fountain_content, db)
src\services\fountain_parser.py:20: in parse_fountain_and_create_models
    f = fountain.Fountain(fountain_content)
        ^^^^^^^^^^^^^^^^^^^^^^^^^^^^^^^^^^^
.venv\Lib\site-packages\fountain\fountain.py:53: in __init__
    self.parse()
.venv\Lib\site-packages\fountain\fountain.py:66: in parse
    self._parse_head(contents.splitlines())
.venv\Lib\site-packages\fountain\fountain.py:74: in _parse_head
    if line[0].isspace():
       ^^^^^^^
E   IndexError: string index out of range
__________________ test_parse_fountain_with_multiple_scenes ___________________
tests\unit\test_services.py:85: in test_parse_fountain_with_multiple_scenes
    await parse_fountain_and_create_models(script, fountain_content, db)
src\services\fountain_parser.py:20: in parse_fountain_and_create_models
    f = fountain.Fountain(fountain_content)
        ^^^^^^^^^^^^^^^^^^^^^^^^^^^^^^^^^^^
.venv\Lib\site-packages\fountain\fountain.py:53: in __init__
    self.parse()
.venv\Lib\site-packages\fountain\fountain.py:66: in parse
    self._parse_head(contents.splitlines())
.venv\Lib\site-packages\fountain\fountain.py:74: in _parse_head
    if line[0].isspace():
       ^^^^^^^
E   IndexError: string index out of range
============================== warnings summary ===============================
tests/integration/test_api_castings.py: 4 warnings
tests/unit/test_auth_jwt.py: 2 warnings
tests/unit/test_models.py: 12 warnings
tests/unit/test_scene_chart_generator.py: 18 warnings
tests/unit/test_services.py: 12 warnings
  F:\src\PythonProject\pscweb3-1\.venv\Lib\site-packages\sqlalchemy\sql\schema.py:3624: DeprecationWarning: datetime.datetime.utcnow() is deprecated and scheduled for removal in a future version. Use timezone-aware objects to represent datetimes in UTC: datetime.datetime.now(datetime.UTC).
    return util.wrap_callable(lambda ctx: fn(), fn)  # type: ignore

-- Docs: https://docs.pytest.org/en/stable/how-to/capture-warnings.html
=========================== short test summary info ===========================
FAILED tests/integration/test_api_castings.py::test_assign_casting - TypeError: AsyncClient.__init__() got an unexpected keyword argument 'app'
FAILED tests/unit/test_auth_jwt.py::test_get_current_user_valid_token - assert None is not None
FAILED tests/unit/test_scene_chart_generator.py::test_generate_scene_chart_single_scene - sqlalchemy.exc.MissingGreenlet: greenlet_spawn has not been called; can't call await_only() here. Was IO attempted in an unexpected place? (Background on this error at: https://sqlalche.me/e/20/xd2s)
FAILED tests/unit/test_scene_chart_generator.py::test_generate_scene_chart_multiple_scenes - sqlalchemy.exc.MissingGreenlet: greenlet_spawn has not been called; can't call await_only() here. Was IO attempted in an unexpected place? (Background on this error at: https://sqlalche.me/e/20/xd2s)
FAILED tests/unit/test_scene_chart_generator.py::test_regenerate_scene_chart - sqlalchemy.exc.MissingGreenlet: greenlet_spawn has not been called; can't call await_only() here. Was IO attempted in an unexpected place? (Background on this error at: https://sqlalche.me/e/20/xd2s)
FAILED tests/unit/test_services.py::test_parse_simple_fountain_script - IndexError: string index out of range
FAILED tests/unit/test_services.py::test_parse_fountain_with_multiple_scenes - IndexError: string index out of range
================== 7 failed, 9 passed, 48 warnings in 1.42s ===================
